{"name": "test03", "status": "failed", "statusDetails": {"message": "AssertionError: assert 400 == 200\n +  where 400 = <Response [400]>.status_code", "trace": "self = <scripts.test1.TestClass object at 0x7fda37cf07c0>\n\n    def test03(self):\n        res003 = dispatch_files()\n>       assert res003.status_code == 200\nE       assert 400 == 200\nE        +  where 400 = <Response [400]>.status_code\n\ntest1.py:26: AssertionError"}, "attachments": [{"name": "stdout", "source": "02e1c2aa-5cee-4301-b0d7-e5e1e89b958a-attachment.txt", "type": "text/plain"}], "start": 1669172338729, "stop": 1669172338867, "uuid": "2dbf46dc-2536-4a7f-a3d6-18f25ced7526", "historyId": "d01f996fe89f8704239db7b8fb3bef1a", "testCaseId": "1df9ac83f8b4e12249fb6a3e359cb2d4", "fullName": "test1.TestClass#test03", "labels": [{"name": "tag", "value": "@pytest.mark.usefixtures('init')"}, {"name": "suite", "value": "test1"}, {"name": "subSuite", "value": "TestClass"}, {"name": "host", "value": "jiahandeMacBook-Pro.local"}, {"name": "thread", "value": "5006-MainThread"}, {"name": "framework", "value": "pytest"}, {"name": "language", "value": "cpython3"}, {"name": "package", "value": "test1"}]}